[36m[INICIANDO][0m Carregando credenciais...
[36m[INICIANDO][0m Buscando versão do WhatsApp...
[32m[SISTEMA][0m Usando WA versão: 2.3000.1033846690
[33m[SISTEMA][0m Servidor Socket Inicializado.
[33m[SISTEMA][0m Gerando Código de Pareamento...
[33m[SISTEMA][0m Estabelecendo conexão...
[33m[SISTEMA][0m QR Code gerado. Escaneie no WhatsApp.

[1;36m━━━━━━━━━━━━━━━━━━━━━━━━━━━━━━━━━━━━━[0m
[1;33m📱 SEU CÓDIGO [IRIS]: [1;32mR5JH-GKHV[0m
[1;36m━━━━━━━━━━━━━━━━━━━━━━━━━━━━━━━━━━━━━[0m

[33m[SISTEMA][0m QR Code gerado. Escaneie no WhatsApp.
[33m[SISTEMA][0m QR Code gerado. Escaneie no WhatsApp.
[33m[SISTEMA][0m QR Code gerado. Escaneie no WhatsApp.
[33m[SISTEMA][0m QR Code gerado. Escaneie no WhatsApp.
[33m[SISTEMA][0m QR Code gerado. Escaneie no WhatsApp.
[31m[ERRO][0m Conexão encerrada. Motivo: 408
[33m[SISTEMA][0m Reiniciando em 5 segundos...
[36m[INICIANDO][0m Carregando credenciais...
[36m[INICIANDO][0m Buscando versão do WhatsApp...
[32m[SISTEMA][0m Usando WA versão: 2.3000.1033846690
[33m[SISTEMA][0m Servidor Socket Inicializado.
[33m[SISTEMA][0m Gerando Código de Pareamento...
[33m[SISTEMA][0m Estabelecendo conexão...
[31m[ERRO][0m Conexão encerrada. Motivo: 401
❌ Erro Pairing Code: Error: Connection Closed
    at sendRawMessage (file:///home/blackjarvisbot/Documentos/WWP%20BOT/node_modules/@whiskeysockets/baileys/lib/Socket/socket.js:50:19)
    at sendNode (file:///home/blackjarvisbot/Documentos/WWP%20BOT/node_modules/@whiskeysockets/baileys/lib/Socket/socket.js:69:16)
    at Object.requestPairingCode (file:///home/blackjarvisbot/Documentos/WWP%20BOT/node_modules/@whiskeysockets/baileys/lib/Socket/socket.js:596:15)
    at async Timeout._onTimeout (/home/blackjarvisbot/Documentos/WWP BOT/index.js:156:30) {
  data: null,
  isBoom: true,
  isServer: false,
  output: {
    statusCode: 428,
    payload: {
      statusCode: 428,
      error: 'Precondition Required',
      message: 'Connection Closed'
    },
    headers: {}
  }
}
