
> wwp-bot@1.0.0 dev
> concurrently "npm run dev --workspace=backend" "npm run dev --workspace=frontend"

[0] 
[0] > backend@1.0.0 dev
[0] > node src/server.js
[0] 
[1] 
[1] > frontend@0.1.0 dev
[1] > next dev
[1] 
[0] [SERVER] Multi-Tenant IRIS API running on port 3001
[0] 
[0] [SYSTEM] [BOOT] Restaurando instâncias configuradas...
[0] [SERVER] Active instances restored.
[1] ▲ Next.js 16.1.6 (Turbopack)
[1] - Local:         http://localhost:3000
[1] - Network:       http://192.168.0.62:3000
[1] 
[1] ✓ Starting...
[1] ✓ Ready in 567ms
[1]  GET /dashboard 200 in 785ms (compile: 615ms, render: 170ms)
[0] [REQ] GET /instances
[0] [REQ] GET /licenses
[0] [LICENSES] Fetching for user: davikko18dias@gmail.com (Role: CLIENT)
[0] [LICENSES] Found 1 items
[0] [REQ] GET /instances
[0] [REQ] GET /instances
[0] [REQ] GET /instances
[0] [REQ] GET /instances
[0] [REQ] GET /instances
[0] [REQ] GET /instances
[0] [REQ] GET /instances
[0] [REQ] GET /instances
[0] [REQ] GET /instances
[0] [REQ] GET /instances
[0] [REQ] GET /instances
[0] [REQ] GET /instances
[0] [REQ] GET /instances
[0] [REQ] GET /instances
[0] [REQ] GET /instances
[0] [REQ] GET /instances
[0] [REQ] GET /instances
[0] [REQ] GET /instances
[0] [REQ] GET /instances
[0] [REQ] GET /instances
[0] [REQ] GET /instances
[0] [REQ] GET /instances
[0] [REQ] GET /instances
[0] [REQ] GET /instances
[0] [REQ] GET /instances
[0] [REQ] GET /instances
[0] [REQ] GET /instances
[0] [REQ] GET /instances
[0] [REQ] GET /instances
[0] [REQ] GET /instances
[0] [REQ] GET /instances
[0] [REQ] GET /instances
[0] [REQ] GET /instances
[0] [REQ] GET /instances
[0] [REQ] GET /instances
[0] [REQ] GET /instances
[0] [REQ] GET /instances
[0] [REQ] GET /instances
[0] [REQ] GET /licenses
[0] [LICENSES] Fetching for user: davikko18dias@gmail.com (Role: CLIENT)
[0] [LICENSES] Found 1 items
[0] [REQ] GET /instances
[0] [REQ] GET /instances
[0] [REQ] GET /instances
[0] [REQ] GET /instances
[0] [REQ] GET /instances
[1]  GET /dashboard 200 in 34ms (compile: 4ms, render: 30ms)
[0] [REQ] GET /instances
[0] [REQ] GET /licenses
[0] [LICENSES] Fetching for user: davikko18dias@gmail.com (Role: CLIENT)
[0] [LICENSES] Found 1 items
[0] [REQ] GET /instances
[0] [REQ] GET /licenses
[0] [LICENSES] Fetching for user: davikko18dias@gmail.com (Role: CLIENT)
[0] [LICENSES] Found 1 items
[0] [REQ] GET /instances
[0] [REQ] GET /instances
[0] [REQ] GET /instances
[0] [REQ] GET /instances
[0] [REQ] GET /instances
[0] [REQ] GET /instances
[0] [REQ] GET /instances
[0] [REQ] GET /instances
[0] [REQ] GET /instances
[0] [REQ] GET /instances
[0] [REQ] GET /instances
[0] [REQ] GET /instances
[0] [REQ] GET /instances
[0] [REQ] GET /instances
[0] [REQ] GET /instances
[0] [REQ] POST /instances/b07ae9c2-a599-43af-8d6b-87789ef93751/start
[0] [MANAGER] [b07ae9c2-a599-43af-8d6b-87789ef93751] Disparando Runtime V10...
[0] [REQ] GET /instances
[0] [REQ] GET /instances
[0] ✅ [Iris] On-line para UUID: b07ae9c2-a599-43af-8d6b-87789ef93751
[0] [MANAGER] [b07ae9c2-a599-43af-8d6b-87789ef93751] INSTÂNCIA CONECTADA NO WHATSAPP
[0] Closing session: SessionEntry {
[0]   _chains: {
[0]     BU5oc4xI385uBG8mPtFvAPQ2QYQgTurg91t0MI4rmrVT: { chainKey: [Object], chainType: 2, messageKeys: {} },
[0]     'BQ+npWTNuV8TvAjByE5TgBr2TUpAGc/ZusaHhCc340NK': { chainKey: [Object], chainType: 2, messageKeys: {} },
[0]     'BfKLSPPoROfYxHt5G94qOrjYgl8mDSUD8J++AQnUo1lG': { chainKey: [Object], chainType: 2, messageKeys: {} },
[0]     BWgJlNkyZis4KHEAQvKpjLOihPuvThb41hd8gNMtIQdB: { chainKey: [Object], chainType: 2, messageKeys: {} },
[0]     'Bfd4ozDgf26pTFzqRV+YFX0RkoRJo/5AryvlUIJ7hHkm': { chainKey: [Object], chainType: 1, messageKeys: {} }
[0]   },
[0]   registrationId: 2001055759,
[0]   currentRatchet: {
[0]     ephemeralKeyPair: {
[0]       pubKey: <Buffer 05 f7 78 a3 30 e0 7f 6e a9 4c 5c ea 45 5f 98 15 7d 11 92 84 49 a3 fe 40 af 2b e5 50 82 7b 84 79 26>,
[0]       privKey: <Buffer 80 d1 bb 5a c9 c8 b6 00 04 e6 ed a6 83 43 8c 30 fe 62 ad d1 22 47 06 97 52 04 ea e5 5f 1d e9 6f>
[0]     },
[0]     lastRemoteEphemeralKey: <Buffer 05 68 09 94 d9 32 66 2b 38 28 71 00 42 f2 a9 8c b3 a2 84 fb af 4e 16 f8 d6 17 7c 80 d3 2d 21 07 41>,
[0]     previousCounter: 1,
[0]     rootKey: <Buffer 22 26 f9 cf 15 b3 31 b7 87 d7 c8 55 e5 74 e7 47 22 dd ef 29 1b 98 30 b6 32 2a 9f d5 fe 6f d2 14>
[0]   },
[0]   indexInfo: {
[0]     baseKey: <Buffer 05 57 1c 7c ab f1 b7 c4 f4 48 cb d8 17 1f f9 6f fe 88 9e 6b 6e 29 26 c8 9d bb 18 16 13 bd 5d ec 56>,
[0]     baseKeyType: 1,
[0]     closed: -1,
[0]     used: 1772330107931,
[0]     created: 1772329497129,
[0]     remoteIdentityKey: <Buffer 05 2d 0e aa 09 80 24 9c e3 15 83 59 f7 23 d7 ca 80 c5 3b cd ed e6 e9 fa c7 80 7d 3d 63 bb d9 6c 16>
[0]   }
[0] }
[0] [REQ] GET /instances
[0] [REQ] GET /instances
[0] [REQ] GET /instances
[0] [REQ] GET /instances
[0] [REQ] GET /instances
[0] [REQ] GET /instances
[0] [REQ] GET /instances
[0] [REQ] GET /instances
[0] [REQ] GET /instances
[0] [REQ] GET /instances
[0] [REQ] GET /instances
[0] [REQ] GET /instances
[0] [REQ] GET /instances
[0] [REQ] GET /instances
[0] [REQ] GET /instances
[0] [REQ] GET /instances
[0] [REQ] GET /instances
[0] [REQ] GET /instances
[0] [REQ] GET /instances
[0] [REQ] GET /instances
[0] [REQ] GET /instances
[0] [REQ] GET /instances
[0] [REQ] GET /instances
[0] [REQ] GET /instances
[0] [REQ] GET /instances
[0] [REQ] GET /instances
[0] [REQ] GET /instances
[0] [REQ] GET /instances
[0] [REQ] GET /instances
[0] [REQ] GET /instances
[0] [REQ] GET /instances
[0] [REQ] GET /instances
[0] [REQ] GET /instances
[0] [REQ] GET /instances
[0] [REQ] GET /instances
[0] [REQ] GET /instances
[0] [REQ] GET /instances
[0] [REQ] GET /instances
[0] [REQ] GET /instances
[0] [REQ] GET /instances
[0] [REQ] GET /instances
[0] [REQ] GET /instances
[0] [REQ] GET /instances
[0] [REQ] GET /instances
[0] [REQ] GET /instances
[0] [REQ] GET /instances
[0] [REQ] GET /instances
[0] [REQ] GET /instances
[0] [REQ] GET /instances
[0] [REQ] GET /instances
[0] [REQ] GET /instances
[0] [REQ] GET /instances
[0] [REQ] GET /instances
[0] [REQ] GET /instances
[0] [REQ] GET /instances
[0] [REQ] GET /instances
[0] [REQ] GET /instances
[0] [REQ] GET /instances
[0] [REQ] GET /instances
[0] [REQ] GET /instances
[0] [REQ] GET /instances
[0] [REQ] GET /instances
[0] [REQ] GET /instances
[0] [REQ] GET /instances
[0] [REQ] GET /instances
[0] [REQ] GET /instances
[0] [REQ] GET /instances
[0] [REQ] GET /instances
[0] [REQ] GET /instances
[0] [REQ] GET /instances
[0] [REQ] GET /instances
[0] [REQ] GET /instances
[0] [REQ] GET /instances
[0] [REQ] GET /instances
[0] [REQ] GET /instances
[0] [REQ] GET /instances
[0] [REQ] GET /instances
[0] [REQ] GET /instances
[0] [REQ] GET /instances
[0] [REQ] GET /instances
[0] [REQ] GET /instances
[0] [REQ] GET /instances
[0] [REQ] GET /instances
[0] [REQ] GET /instances
[0] [REQ] GET /instances
[0] [REQ] GET /instances
[0] [REQ] GET /instances
[0] [REQ] GET /instances
[0] [REQ] GET /instances
[0] [REQ] GET /instances
[0] [REQ] GET /instances
[0] [REQ] GET /instances
[0] [REQ] GET /instances
[0] [REQ] GET /instances
[0] [REQ] GET /instances
[0] [REQ] GET /instances
[0] [REQ] GET /instances
[0] Closing open session in favor of incoming prekey bundle
[0] Closing session: SessionEntry {
[0]   _chains: {
[0]     'BfYJt+A1W422ugGs4L86auAcuKmCcDQC4mn2rXrbglYm': { chainKey: [Object], chainType: 2, messageKeys: {} },
[0]     'BS9YtL9ECf4ixoHysux3MISqFnDZG7asdBbgm/LYHfAg': { chainKey: [Object], chainType: 1, messageKeys: {} }
[0]   },
[0]   registrationId: 238,
[0]   currentRatchet: {
[0]     ephemeralKeyPair: {
[0]       pubKey: <Buffer 05 2f 58 b4 bf 44 09 fe 22 c6 81 f2 b2 ec 77 30 84 aa 16 70 d9 1b b6 ac 74 16 e0 9b f2 d8 1d f0 20>,
[0]       privKey: <Buffer 70 9e a2 98 27 82 2a 05 dc 4a 67 73 d8 19 8c 4f 08 a8 ce 5f ff c6 af 65 2b b1 2f 3f 39 c6 cf 75>
[0]     },
[0]     lastRemoteEphemeralKey: <Buffer 05 f6 09 b7 e0 35 5b 8d b6 ba 01 ac e0 bf 3a 6a e0 1c b8 a9 82 70 34 02 e2 69 f6 ad 7a db 82 56 26>,
[0]     previousCounter: 0,
[0]     rootKey: <Buffer da 06 77 0a e9 81 6e 06 60 d9 2d c2 bd a0 e1 48 69 44 06 99 fe 33 2b 76 57 e8 5c bf f7 e1 44 1a>
[0]   },
[0]   indexInfo: {
[0]     baseKey: <Buffer 05 76 cd a2 d0 4a 4e aa 32 37 ab bf 95 a4 f7 78 e8 c9 8e 59 bd 6b 14 ed e4 cf 0f ab 8c 8d 7c d1 7c>,
[0]     baseKeyType: 2,
[0]     closed: -1,
[0]     used: 1772326052270,
[0]     created: 1772326052270,
[0]     remoteIdentityKey: <Buffer 05 86 2e 24 68 16 32 bf 6b 9d 75 b2 82 46 38 cf 71 3c 89 b5 15 08 28 2b 0e 9b e7 d7 22 e8 56 d7 16>
[0]   }
[0] }
[0] [REQ] GET /instances
[0] [REQ] GET /instances
[0] [REQ] GET /instances
[0] [REQ] GET /instances
[0] [REQ] GET /instances
[0] [REQ] GET /instances
[0] [REQ] GET /instances
[0] [REQ] GET /instances
[0] [REQ] GET /instances
[0] [REQ] GET /instances
[0] [REQ] GET /instances
[0] [REQ] GET /instances
[0] [REQ] GET /instances
[0] [REQ] GET /instances
[0] [REQ] GET /instances
[0] [REQ] GET /instances
[0] [REQ] GET /instances
[0] [REQ] GET /instances
[0] [REQ] GET /instances
[0] [REQ] GET /instances
[0] [REQ] GET /instances
[0] [REQ] GET /instances
[0] [REQ] GET /instances
[0] [REQ] GET /instances
[0] [REQ] GET /instances
[0] [REQ] GET /instances
[0] [REQ] GET /instances
[0] [REQ] GET /instances
[0] [REQ] GET /instances
[0] [REQ] GET /instances
[0] [REQ] GET /instances
[0] [REQ] GET /instances
[0] [REQ] GET /instances
[0] [REQ] GET /instances
[0] [REQ] GET /instances
[0] [REQ] GET /instances
[0] [REQ] GET /instances
[0] [REQ] GET /instances
[0] [REQ] GET /instances
[0] [REQ] GET /instances
[0] [REQ] GET /instances
[0] [REQ] GET /instances
[0] [REQ] GET /instances
[0] [REQ] GET /instances
[0] [REQ] GET /instances
[0] [REQ] GET /instances
[0] [REQ] GET /instances
[0] [REQ] GET /instances
[0] [REQ] GET /instances
[0] [REQ] GET /instances
[0] [REQ] GET /instances
[0] [REQ] GET /instances
[0] [REQ] GET /instances
[0] [REQ] GET /instances
[0] [REQ] GET /instances
[0] [REQ] GET /instances
[0] [REQ] GET /instances
[0] [REQ] GET /instances
[0] [REQ] GET /instances
[0] [REQ] GET /instances
[0] [REQ] GET /instances
[0] [REQ] GET /instances
[0] [REQ] GET /instances
[0] [REQ] GET /instances
[0] [REQ] GET /instances
[0] [REQ] GET /instances
[0] [REQ] GET /instances
[0] [REQ] GET /instances
[0] [REQ] GET /instances
[0] [REQ] GET /instances
[0] [REQ] GET /instances
[0] [REQ] GET /instances
[0] [REQ] GET /instances
[0] [REQ] GET /instances
[0] [REQ] GET /instances
[0] [REQ] GET /instances
[0] [REQ] GET /instances
[0] [REQ] GET /instances
[0] [REQ] GET /instances
[0] [REQ] GET /instances
[0] [REQ] GET /instances
[0] [REQ] GET /instances
[0] [REQ] GET /instances
[0] [REQ] GET /instances
[0] [REQ] GET /instances
[0] [REQ] GET /instances
[0] [REQ] GET /instances
[0] [REQ] GET /instances
[0] [REQ] GET /instances
[0] [REQ] GET /instances
[0] [REQ] GET /instances
[0] [REQ] GET /instances
[0] [REQ] GET /instances
[0] [REQ] GET /instances
[0] [REQ] GET /instances
[0] [REQ] GET /instances
[0] [REQ] GET /instances
[0] [REQ] GET /instances
[0] [REQ] GET /instances
[0] [REQ] GET /instances
[0] [REQ] GET /instances
[0] [REQ] GET /instances
[0] [REQ] GET /instances
[0] [REQ] GET /instances
[0] [REQ] GET /instances
[0] [REQ] GET /instances
[0] [REQ] GET /instances
[0] [REQ] GET /instances
[0] [REQ] GET /instances
[0] [REQ] GET /instances
[0] [REQ] GET /instances
[0] [REQ] GET /instances
[0] [REQ] GET /instances
[0] [REQ] GET /instances
[0] [REQ] GET /instances
[0] [REQ] GET /instances
[0] [REQ] GET /instances
[0] [REQ] GET /instances
[0] [REQ] GET /instances
[0] [REQ] GET /instances
[0] [REQ] GET /instances
[0] [REQ] GET /instances
[0] [REQ] GET /instances
[0] [REQ] GET /instances
[0] [REQ] GET /instances
[0] [REQ] GET /instances
[0] [REQ] GET /instances
[0] [REQ] GET /instances
[0] [REQ] GET /instances
[0] [REQ] GET /instances
[0] [REQ] GET /instances
[0] [REQ] GET /instances
[0] [REQ] GET /instances
[0] [REQ] GET /instances
[0] [REQ] GET /instances
[0] [REQ] GET /instances
[0] [REQ] GET /instances
[0] [REQ] GET /instances
[0] [REQ] GET /instances
[0] [REQ] GET /instances
[0] [REQ] GET /instances
[0] [REQ] GET /instances
[0] [REQ] GET /instances
[0] [REQ] GET /instances
[0] [REQ] GET /instances
[0] [REQ] GET /instances
[0] [REQ] GET /instances
[0] [REQ] GET /instances
[0] [REQ] GET /instances
[0] [REQ] GET /instances
[0] [REQ] GET /instances
[0] [REQ] GET /instances
[0] [REQ] GET /instances
[0] [REQ] GET /instances
[0] [REQ] GET /instances
[0] [REQ] GET /instances
[0] [REQ] GET /instances
[0] [REQ] GET /instances
[0] [REQ] GET /instances
[0] [REQ] GET /instances
[0] [REQ] GET /instances
[0] [REQ] GET /instances
[0] [REQ] GET /instances
[0] [REQ] GET /instances
[0] [REQ] GET /instances
[0] [REQ] GET /instances
[0] [REQ] GET /instances
[0] [REQ] GET /instances
[0] [REQ] GET /instances
[0] [REQ] GET /instances
[0] [REQ] GET /instances
[0] [REQ] GET /instances
[0] [REQ] GET /instances
[0] [REQ] GET /instances
[0] [REQ] GET /instances
[0] [REQ] GET /instances
[0] [REQ] GET /instances
[0] [REQ] GET /instances
[0] [REQ] GET /instances
[0] [REQ] GET /instances
[0] [REQ] GET /instances
[0] [REQ] GET /instances
[0] [REQ] GET /instances
[0] [REQ] GET /instances
[0] [REQ] GET /instances
[0] [REQ] GET /instances
[0] [REQ] GET /instances
[0] [REQ] GET /instances
[0] [REQ] GET /instances
[0] [REQ] GET /instances
[0] [REQ] GET /instances
[0] [REQ] GET /instances
[0] [REQ] GET /instances
[0] [REQ] GET /instances
[0] [REQ] GET /instances
[0] [REQ] GET /instances
[0] [REQ] GET /instances
[0] [REQ] GET /instances
[0] [REQ] GET /instances
[0] [REQ] GET /instances
[0] [REQ] GET /instances
[0] [REQ] GET /instances
[0] [REQ] GET /instances
[0] [REQ] GET /instances
[0] [REQ] GET /instances
[0] [REQ] GET /instances
[0] [REQ] GET /instances
[0] [REQ] GET /instances
[0] [REQ] GET /instances
[0] [REQ] GET /instances
[0] [REQ] GET /instances
[0] [REQ] GET /instances
[0] [REQ] GET /instances
[0] [REQ] GET /instances
[0] [REQ] GET /instances
[0] [REQ] GET /instances
[0] [REQ] GET /instances
[0] [REQ] GET /instances
[0] [REQ] GET /instances
[0] [REQ] GET /instances
[0] [REQ] GET /instances
[0] [REQ] GET /instances
[0] [REQ] GET /instances
[0] [REQ] GET /instances
[0] [REQ] GET /instances
[0] [REQ] GET /instances
[0] [REQ] GET /instances
[0] [REQ] GET /instances
[0] [REQ] GET /instances
[0] [REQ] GET /instances
[0] [REQ] GET /instances
[0] [REQ] GET /instances
[0] [REQ] GET /instances
[0] [REQ] GET /instances
[0] [REQ] GET /instances
[0] [REQ] GET /instances
[0] [REQ] GET /instances
[0] [REQ] GET /instances
[0] [REQ] GET /instances
[0] [REQ] GET /instances
[0] [REQ] GET /instances
[0] [REQ] GET /instances
[0] [REQ] GET /instances
[0] [REQ] GET /instances
[0] [REQ] GET /instances
[0] [REQ] GET /instances
[0] [REQ] GET /instances
[0] [REQ] GET /instances
[0] [REQ] GET /instances
[0] [REQ] GET /instances
[0] [REQ] GET /instances
[0] [REQ] GET /instances
[0] [REQ] GET /instances
[0] [REQ] GET /instances
[0] [REQ] GET /instances
[0] [REQ] GET /instances
[0] [REQ] GET /instances
[0] [REQ] GET /instances
[0] [REQ] GET /instances
[0] [REQ] GET /instances
[0] [REQ] GET /instances
[0] [REQ] GET /instances
[0] [REQ] GET /instances
[0] [REQ] GET /instances
[0] [REQ] GET /instances
[0] [REQ] GET /instances
[0] [REQ] GET /instances
[0] [REQ] GET /instances
[0] [REQ] GET /instances
[0] [REQ] GET /instances
[0] [REQ] GET /instances
[0] [REQ] GET /instances
[0] [REQ] GET /instances
[0] [REQ] GET /instances
[0] [REQ] GET /instances
[0] [REQ] GET /instances
[0] [REQ] GET /instances
[0] [REQ] GET /instances
[0] [REQ] GET /instances
[0] [REQ] GET /instances
[0] [REQ] GET /instances
[0] [REQ] GET /instances
[0] [REQ] GET /instances
[0] [REQ] GET /instances
[0] [REQ] GET /instances
[0] [REQ] GET /instances
[0] [REQ] GET /instances
[0] [REQ] GET /instances
[0] [REQ] GET /instances
[0] [REQ] GET /instances
[0] [REQ] GET /instances
[0] [REQ] GET /instances
[0] [REQ] GET /instances
[0] [REQ] GET /instances
[0] [REQ] GET /instances
[0] [REQ] GET /instances
[0] [REQ] GET /instances
[0] [REQ] GET /instances
[0] [REQ] GET /instances
[0] [REQ] GET /instances
[0] [REQ] GET /instances
[0] [REQ] GET /instances
[0] [REQ] GET /instances
[0] [REQ] GET /instances
[0] [REQ] GET /instances
[0] [REQ] GET /instances
[0] [REQ] GET /instances
[0] [REQ] GET /instances
[0] [REQ] GET /instances
[0] [REQ] GET /instances
[0] [REQ] GET /instances
[0] [REQ] GET /instances
[0] [REQ] GET /instances
[0] [REQ] GET /instances
[0] [REQ] GET /instances
[0] [REQ] GET /instances
[0] [REQ] GET /instances
[0] [REQ] GET /instances
[0] [REQ] GET /instances
[0] [REQ] GET /instances
[0] [REQ] GET /instances
[0] [REQ] GET /instances
[0] [REQ] GET /instances
[0] [REQ] GET /instances
[0] [REQ] GET /instances
[0] [REQ] GET /instances
[0] [REQ] GET /instances
[0] [REQ] GET /instances
[0] [REQ] GET /instances
[0] [REQ] GET /instances
[0] [REQ] GET /instances
[0] [REQ] GET /instances
[0] [REQ] GET /instances
[0] [REQ] GET /instances
[0] [REQ] GET /instances
[0] Closing session: SessionEntry {
[0]   _chains: {
[0]     BVOKjdyTXmR7TaGgmwUl9SxpXcjfZAz9zMZFTkSrxyBW: { chainKey: [Object], chainType: 2, messageKeys: {} },
[0]     'Bd56H2TaaDuUtj7RfD+DuMuR4B1gdCDRoC3FL6g5W251': { chainKey: [Object], chainType: 2, messageKeys: {} },
[0]     'BbrGSLVOnCdXc2wtdSvJVDBzXAeXOzjnIHxLErjNB/0G': { chainKey: [Object], chainType: 2, messageKeys: {} },
[0]     'BfjkNlvzZ4OR4DcxvWEjj4+PzlSmbCViUWcZ84Zx/Op0': { chainKey: [Object], chainType: 2, messageKeys: {} },
[0]     'Bf3R8/Euj7TRWJQfyEGDxGsDOAXkelH5k64gy7vRa1ZO': { chainKey: [Object], chainType: 2, messageKeys: {} },
[0]     'BZlqluRQ1QnVJhDfe0pTHiuQhRGH+3ru0tH6FgJLjlwN': { chainKey: [Object], chainType: 1, messageKeys: {} }
[0]   },
[0]   registrationId: 2001055759,
[0]   currentRatchet: {
[0]     ephemeralKeyPair: {
[0]       pubKey: <Buffer 05 99 6a 96 e4 50 d5 09 d5 26 10 df 7b 4a 53 1e 2b 90 85 11 87 fb 7a ee d2 d1 fa 16 02 4b 8e 5c 0d>,
[0]       privKey: <Buffer 40 d9 cd d6 aa 45 27 23 d1 40 cc 5f 40 81 bf 81 f3 0b f6 75 87 ea 76 0d 0e da 47 5a ca 37 72 5d>
[0]     },
[0]     lastRemoteEphemeralKey: <Buffer 05 fd d1 f3 f1 2e 8f b4 d1 58 94 1f c8 41 83 c4 6b 03 38 05 e4 7a 51 f9 93 ae 20 cb bb d1 6b 56 4e>,
[0]     previousCounter: 1,
[0]     rootKey: <Buffer b3 c1 b0 d7 2c 76 ff e7 bf d2 6f 61 6d b5 45 07 f9 59 a3 30 f4 08 01 79 bf ff 9d 86 54 03 e5 52>
[0]   },
[0]   indexInfo: {
[0]     baseKey: <Buffer 05 43 13 bd e2 4c 3f 5e 07 ff 77 eb ad 72 72 75 1c d4 e9 04 b2 94 39 6a 10 28 b7 32 6b 38 19 9b 6b>,
[0]     baseKeyType: 1,
[0]     closed: -1,
[0]     used: 1772332285359,
[0]     created: 1772330108897,
[0]     remoteIdentityKey: <Buffer 05 2d 0e aa 09 80 24 9c e3 15 83 59 f7 23 d7 ca 80 c5 3b cd ed e6 e9 fa c7 80 7d 3d 63 bb d9 6c 16>
[0]   }
[0] }
[0] [REQ] GET /instances
[0] [REQ] GET /instances
[0] [REQ] GET /instances
[0] [REQ] GET /instances
[0] [REQ] GET /instances
[0] [REQ] GET /instances
[0] [REQ] GET /instances
[0] [REQ] GET /instances
[0] [REQ] GET /instances
[0] [REQ] GET /instances
[0] [REQ] GET /instances
